<?xml version="1.0" encoding="UTF-8"?>
<!-- Generated by org.testng.reporters.JUnitReportReporter -->
<testsuite hostname="RD-jling" name="com.midian.webtest.use.PublishAucFix" tests="2" failures="0" timestamp="13 Sep 2016 03:27:48 GMT" time="24.486" errors="0">
  <testcase name="publishAuction" time="12.040" classname="com.midian.webtest.use.PublishAucFix"/>
  <testcase name="publishFixedPrice" time="12.446" classname="com.midian.webtest.use.PublishAucFix"/>
</testsuite> <!-- com.midian.webtest.use.PublishAucFix -->
