<?xml version="1.0" encoding="UTF-8"?>
<!-- Generated by org.testng.reporters.JUnitReportReporter -->
<testsuite hostname="RD-jling" name="com.midian.webtest.dataprovider.AddCookies" tests="1" failures="0" timestamp="12 Sep 2016 04:35:10 GMT" time="26.939" errors="0">
  <testcase name="addCookies" time="26.939" classname="com.midian.webtest.dataprovider.AddCookies"/>
</testsuite> <!-- com.midian.webtest.dataprovider.AddCookies -->
