<?xml version="1.0" encoding="UTF-8"?>
<!-- Generated by org.testng.reporters.JUnitReportReporter -->
<testsuite hostname="RD-jling" name="com.midian.webtest.use.MpublishAuction" tests="1" failures="0" timestamp="12 Sep 2016 06:30:18 GMT" time="13.569" errors="0">
  <testcase name="publishAuction" time="13.569" classname="com.midian.webtest.use.MpublishAuction"/>
</testsuite> <!-- com.midian.webtest.use.MpublishAuction -->
