<?xml version="1.0" encoding="UTF-8"?>
<!-- Generated by org.testng.reporters.JUnitReportReporter -->
<testsuite hostname="RD-jling" name="com.midian.webtest.dataprovider.AddCookiesNG" tests="1" failures="0" timestamp="12 Sep 2016 02:49:38 GMT" time="15.784" errors="0">
  <testcase name="AddCookies" time="15.784" classname="com.midian.webtest.dataprovider.AddCookiesNG"/>
</testsuite> <!-- com.midian.webtest.dataprovider.AddCookiesNG -->
