<?xml version="1.0" encoding="UTF-8"?>
<!-- Generated by org.testng.reporters.JUnitReportReporter -->
<testsuite hostname="RD-jling" name="com.midian.webtest.dataprovider.AddCookies" tests="1" failures="0" timestamp="13 Sep 2016 03:36:40 GMT" time="10.269" errors="0">
  <testcase name="addCookies" time="10.269" classname="com.midian.webtest.dataprovider.AddCookies"/>
</testsuite> <!-- com.midian.webtest.dataprovider.AddCookies -->
