<?xml version="1.0" encoding="UTF-8"?>
<!-- Generated by org.testng.reporters.JUnitReportReporter -->
<testsuite hostname="RD-jling" name="com.midian.webtest.use.publishAuction" tests="1" failures="0" timestamp="12 Sep 2016 07:54:41 GMT" time="12.668" errors="0">
  <testcase name="publishAuction" time="12.668" classname="com.midian.webtest.use.publishAuction"/>
</testsuite> <!-- com.midian.webtest.use.publishAuction -->
