<?xml version="1.0" encoding="UTF-8"?>
<!-- Generated by org.testng.reporters.JUnitReportReporter -->
<testsuite hostname="RD-jling" name="com.midian.webtest.use.PublishAucFix" tests="2" failures="0" timestamp="12 Sep 2016 10:54:08 GMT" time="24.417" errors="0">
  <testcase name="publishAuction" time="12.345" classname="com.midian.webtest.use.PublishAucFix"/>
  <testcase name="publishFixedPrice" time="12.072" classname="com.midian.webtest.use.PublishAucFix"/>
</testsuite> <!-- com.midian.webtest.use.PublishAucFix -->
