<?xml version="1.0" encoding="UTF-8"?>
<!-- Generated by org.testng.reporters.JUnitXMLReporter -->
<testsuite hostname="RD-jling" name="Test-class test" tests="2" failures="0" timestamp="13 Sep 2016 03:27:47 GMT" time="32.722" errors="0">
  <testcase name="publishFixedPrice" time="12.446" classname="com.midian.webtest.use.PublishAucFix"/>
  <testcase name="publishAuction" time="12.04" classname="com.midian.webtest.use.PublishAucFix"/>
</testsuite> <!-- Test-class test -->
